[INFO ][20-Dec-2021 11:12:36 AM] SeleniumWrapper.openBrowser:(414) - Opening chrome browser.
[INFO ][20-Dec-2021 11:12:42 AM] SeleniumWrapper.enterURL:(160) - Entering url :https://rbbn--test.my.salesforce.com/006/o
[INFO ][20-Dec-2021 11:12:48 AM] SeleniumWrapper.enterText:(121) - Entering Text :rashmiprabhakar@softclouds.com.test in WebElement :[[ChromeDriver: chrome on WINDOWS (04b0f0d6028ec0361cfb624fffeb396c)] -> id: username]
[INFO ][20-Dec-2021 11:12:54 AM] SeleniumWrapper.enterText:(121) - Entering Text :Softclouds@12345 in WebElement :[[ChromeDriver: chrome on WINDOWS (04b0f0d6028ec0361cfb624fffeb396c)] -> id: password]
[INFO ][20-Dec-2021 11:13:04 AM] SeleniumWrapper.click:(56) - Clicking on :[[ChromeDriver: chrome on WINDOWS (04b0f0d6028ec0361cfb624fffeb396c)] -> id: Login]
[INFO ][20-Dec-2021 11:13:24 AM] SeleniumWrapper.click:(56) - Clicking on :[[ChromeDriver: chrome on WINDOWS (04b0f0d6028ec0361cfb624fffeb396c)] -> xpath: //div[@class='slds-global-header__item']/ul/li[8]/span/button]
[INFO ][20-Dec-2021 11:13:46 AM] SeleniumWrapper.click:(56) - Clicking on :[[ChromeDriver: chrome on WINDOWS (04b0f0d6028ec0361cfb624fffeb396c)] -> xpath: //a[text()='Switch to Salesforce Classic']]
[INFO ][20-Dec-2021 11:13:58 AM] SeleniumWrapper.click:(56) - Clicking on :[[ChromeDriver: chrome on WINDOWS (04b0f0d6028ec0361cfb624fffeb396c)] -> xpath: //a[text()='Opportunities']]
[INFO ][20-Dec-2021 11:14:16 AM] SeleniumWrapper.click:(56) - Clicking on :[[ChromeDriver: chrome on WINDOWS (04b0f0d6028ec0361cfb624fffeb396c)] -> xpath: //a[text()='US TEST Oppty']]
[INFO ][20-Dec-2021 11:14:26 AM] SeleniumWrapper.click:(56) - Clicking on :[[ChromeDriver: chrome on WINDOWS (04b0f0d6028ec0361cfb624fffeb396c)] -> xpath: //span[text()='Oracle Quotes']]
[INFO ][20-Dec-2021 11:14:34 AM] SeleniumWrapper.click:(56) - Clicking on :[[ChromeDriver: chrome on WINDOWS (04b0f0d6028ec0361cfb624fffeb396c)] -> xpath: //div[@class='pbBody']//tr/th/a[contains(text(),'AUTOMATION')]]
[INFO ][20-Dec-2021 11:14:46 AM] SeleniumWrapper.click:(56) - Clicking on :[[ChromeDriver: chrome on WINDOWS (04b0f0d6028ec0361cfb624fffeb396c)] -> xpath: //td[@class='pbButton']//input[@name='edit']]
[INFO ][20-Dec-2021 11:15:33 AM] SeleniumWrapper.enterText:(121) - Entering Text :RIBBON AUTOMATION DEMO in WebElement :[[ChromeDriver: chrome on WINDOWS (04b0f0d6028ec0361cfb624fffeb396c)] -> xpath: //div[@id='transactionName_t-wrapper']//input[@id='transactionName_t|input']]
[INFO ][20-Dec-2021 11:15:44 AM] SeleniumWrapper.click:(56) - Clicking on :[[ChromeDriver: chrome on WINDOWS (04b0f0d6028ec0361cfb624fffeb396c)] -> xpath: //oj-button[@name='update']/button]
[INFO ][20-Dec-2021 11:16:00 AM] SeleniumWrapper.click:(56) - Clicking on :[[ChromeDriver: chrome on WINDOWS (04b0f0d6028ec0361cfb624fffeb396c)] -> xpath: //span[@class='oj-button-text'][text()='Add Site']]
[INFO ][20-Dec-2021 11:16:26 AM] SeleniumWrapper.enterText:(121) - Entering Text :EM in WebElement :[[ChromeDriver: chrome on WINDOWS (04b0f0d6028ec0361cfb624fffeb396c)] -> xpath: //input[@id='siteName|input']]
[INFO ][20-Dec-2021 11:16:37 AM] SeleniumWrapper.click:(56) - Clicking on :[[ChromeDriver: chrome on WINDOWS (04b0f0d6028ec0361cfb624fffeb396c)] -> xpath: //div[@id='ojChoiceId_topConfigGroup_nonArray']]
[INFO ][20-Dec-2021 11:16:43 AM] SeleniumWrapper.click:(56) - Clicking on :[[ChromeDriver: chrome on WINDOWS (04b0f0d6028ec0361cfb624fffeb396c)] -> xpath: //div[@id='oj-listbox-drop']/ul/li/div[@aria-label='Edge']]
[INFO ][20-Dec-2021 11:16:48 AM] SeleniumWrapper.click:(56) - Clicking on :[[ChromeDriver: chrome on WINDOWS (04b0f0d6028ec0361cfb624fffeb396c)] -> xpath: //div[@id='ojChoiceId_configuratorName_nonArray']]
[INFO ][20-Dec-2021 11:16:53 AM] SeleniumWrapper.click:(56) - Clicking on :[[ChromeDriver: chrome on WINDOWS (04b0f0d6028ec0361cfb624fffeb396c)] -> xpath: //div[@id='oj-listbox-drop']/ul/li/div[@aria-label='EdgeMarc Configurator']]
[INFO ][20-Dec-2021 11:16:58 AM] SeleniumWrapper.click:(56) - Clicking on :[[ChromeDriver: chrome on WINDOWS (04b0f0d6028ec0361cfb624fffeb396c)] -> xpath: //div[@id='oj-select-choice-targetApplication']]
[INFO ][20-Dec-2021 11:17:03 AM] SeleniumWrapper.click:(56) - Clicking on :[[ChromeDriver: chrome on WINDOWS (04b0f0d6028ec0361cfb624fffeb396c)] -> xpath: //div[@id='oj-listbox-drop']/ul/li/div[@aria-label='Zoom']]
[INFO ][20-Dec-2021 11:17:11 AM] SeleniumWrapper.click:(56) - Clicking on :[[ChromeDriver: chrome on WINDOWS (04b0f0d6028ec0361cfb624fffeb396c)] -> xpath: //div[@id='addConfiguration']//button[text()='Add Configuration']]
[INFO ][20-Dec-2021 11:17:21 AM] SeleniumWrapper.click:(56) - Clicking on :[[ChromeDriver: chrome on WINDOWS (04b0f0d6028ec0361cfb624fffeb396c)] -> xpath: //div[@id='left-sidebar']//oj-tree-view[@id='system-navigation']/ul/li/ul/li/div/span[2]]
[INFO ][20-Dec-2021 11:17:41 AM] SeleniumWrapper.click:(56) - Clicking on :[[ChromeDriver: chrome on WINDOWS (04b0f0d6028ec0361cfb624fffeb396c)] -> xpath: //input[@id='shippingOrderingLimitationsmodelleveltrue|cb']/parent::span]
[INFO ][20-Dec-2021 11:17:51 AM] SeleniumWrapper.click:(56) - Clicking on :[[ChromeDriver: chrome on WINDOWS (04b0f0d6028ec0361cfb624fffeb396c)] -> xpath: //div[@id='ojChoiceId_willThisBeForANewOrUpgradeConfiguration']]
[INFO ][20-Dec-2021 11:17:57 AM] SeleniumWrapper.click:(56) - Clicking on :[[ChromeDriver: chrome on WINDOWS (04b0f0d6028ec0361cfb624fffeb396c)] -> xpath: //div[@id='oj-listbox-drop']/ul/li/div[@aria-label='New']]
[INFO ][20-Dec-2021 11:18:02 AM] SeleniumWrapper.click:(56) - Clicking on :[[ChromeDriver: chrome on WINDOWS (04b0f0d6028ec0361cfb624fffeb396c)] -> xpath: //div[@id='oj-select-choice-edgeMarcProdLine']]
[INFO ][20-Dec-2021 11:18:07 AM] SeleniumWrapper.click:(56) - Clicking on :[[ChromeDriver: chrome on WINDOWS (04b0f0d6028ec0361cfb624fffeb396c)] -> xpath: //div[@data-oj-containerid='ojChoiceId_edgeMarcProdLine']/ul/li/div[@aria-label='EdgeMarc 6000 (EM-6000)']]
[INFO ][20-Dec-2021 11:18:12 AM] SeleniumWrapper.click:(56) - Clicking on :[[ChromeDriver: chrome on WINDOWS (04b0f0d6028ec0361cfb624fffeb396c)] -> xpath: //div[@id='oj-select-choice-edgeMarcQuote']]
[INFO ][20-Dec-2021 11:18:17 AM] SeleniumWrapper.click:(56) - Clicking on :[[ChromeDriver: chrome on WINDOWS (04b0f0d6028ec0361cfb624fffeb396c)] -> xpath: //div[@data-oj-containerid='ojChoiceId_edgeMarcQuote']/ul/li/div[@aria-label='EdgeMarc with configurable support']]
[INFO ][20-Dec-2021 11:18:26 AM] SeleniumWrapper.enterText:(121) - Entering Text :3 in WebElement :[[ChromeDriver: chrome on WINDOWS (04b0f0d6028ec0361cfb624fffeb396c)] -> xpath: //input[@id='noOfSystem|input']]
[INFO ][20-Dec-2021 11:18:33 AM] SeleniumWrapper.click:(56) - Clicking on :[[ChromeDriver: chrome on WINDOWS (04b0f0d6028ec0361cfb624fffeb396c)] -> xpath: //div[@id='oj-select-choice-edgeMarcWithConfigurableSupport']]
[INFO ][20-Dec-2021 11:18:38 AM] SeleniumWrapper.click:(56) - Clicking on :[[ChromeDriver: chrome on WINDOWS (04b0f0d6028ec0361cfb624fffeb396c)] -> xpath: //div[@data-oj-containerid='ojChoiceId_edgeMarcWithConfigurableSupport']/ul/li/div[@aria-label='EDGE-6000-8S-2X-P-U']]
[INFO ][20-Dec-2021 11:18:43 AM] SeleniumWrapper.click:(56) - Clicking on :[[ChromeDriver: chrome on WINDOWS (04b0f0d6028ec0361cfb624fffeb396c)] -> xpath: //div[@id='oj-select-choice-sDWANPerpetualLicense']]
[INFO ][20-Dec-2021 11:18:48 AM] SeleniumWrapper.click:(56) - Clicking on :[[ChromeDriver: chrome on WINDOWS (04b0f0d6028ec0361cfb624fffeb396c)] -> xpath: //div[@data-oj-containerid='ojChoiceId_sDWANPerpetualLicense']/ul/li/div[@aria-label='Yes']]
[INFO ][20-Dec-2021 11:18:53 AM] SeleniumWrapper.click:(56) - Clicking on :[[ChromeDriver: chrome on WINDOWS (04b0f0d6028ec0361cfb624fffeb396c)] -> xpath: //div[@id='oj-select-choice-yearsOfSupport']]
[INFO ][20-Dec-2021 11:18:59 AM] SeleniumWrapper.click:(56) - Clicking on :[[ChromeDriver: chrome on WINDOWS (04b0f0d6028ec0361cfb624fffeb396c)] -> xpath: //div[@data-oj-containerid='ojChoiceId_yearsOfSupport']/ul/li/div[@aria-label='1 Year']]
[INFO ][20-Dec-2021 11:19:04 AM] SeleniumWrapper.click:(56) - Clicking on :[[ChromeDriver: chrome on WINDOWS (04b0f0d6028ec0361cfb624fffeb396c)] -> xpath: //div[@id='oj-select-choice-implementationServices']]
[INFO ][20-Dec-2021 11:19:09 AM] SeleniumWrapper.click:(56) - Clicking on :[[ChromeDriver: chrome on WINDOWS (04b0f0d6028ec0361cfb624fffeb396c)] -> xpath: //div[@data-oj-containerid='ojChoiceId_implementationServices']/ul/li/div[@aria-label='Yes']]
[INFO ][20-Dec-2021 11:19:14 AM] SeleniumWrapper.click:(56) - Clicking on :[[ChromeDriver: chrome on WINDOWS (04b0f0d6028ec0361cfb624fffeb396c)] -> xpath: //div[@id='oj-select-choice-implementationType']]
[INFO ][20-Dec-2021 11:19:20 AM] SeleniumWrapper.click:(56) - Clicking on :[[ChromeDriver: chrome on WINDOWS (04b0f0d6028ec0361cfb624fffeb396c)] -> xpath: //div[@data-oj-containerid='ojChoiceId_implementationType']/ul/li/div[@aria-label='Architectural Design & Implementation']]
[INFO ][20-Dec-2021 11:19:33 AM] SeleniumWrapper.click:(56) - Clicking on :[[ChromeDriver: chrome on WINDOWS (04b0f0d6028ec0361cfb624fffeb396c)] -> xpath: //div[@id='oj-select-choice-sipSurvivability']]
[INFO ][20-Dec-2021 11:19:38 AM] SeleniumWrapper.click:(56) - Clicking on :[[ChromeDriver: chrome on WINDOWS (04b0f0d6028ec0361cfb624fffeb396c)] -> xpath: //div[@data-oj-containerid='ojChoiceId_sipSurvivability']/ul/li/div[@aria-label='Yes']]
[INFO ][20-Dec-2021 11:19:43 AM] SeleniumWrapper.click:(56) - Clicking on :[[ChromeDriver: chrome on WINDOWS (04b0f0d6028ec0361cfb624fffeb396c)] -> xpath: //div[@id='oj-select-choice-doYouWantToAddAdditionalCallCounts']]
[INFO ][20-Dec-2021 11:19:48 AM] SeleniumWrapper.click:(56) - Clicking on :[[ChromeDriver: chrome on WINDOWS (04b0f0d6028ec0361cfb624fffeb396c)] -> xpath: //div[@data-oj-containerid='ojChoiceId_doYouWantToAddAdditionalCallCounts']/ul/li/div[@aria-label='125']]
[INFO ][20-Dec-2021 11:19:54 AM] SeleniumWrapper.click:(56) - Clicking on :[[ChromeDriver: chrome on WINDOWS (04b0f0d6028ec0361cfb624fffeb396c)] -> xpath: //div[@id='oj-select-choice-secondPRIPort']]
[INFO ][20-Dec-2021 11:19:59 AM] SeleniumWrapper.click:(56) - Clicking on :[[ChromeDriver: chrome on WINDOWS (04b0f0d6028ec0361cfb624fffeb396c)] -> xpath: //div[@data-oj-containerid='ojChoiceId_secondPRIPort']/ul/li/div[@aria-label='Yes']]
[INFO ][20-Dec-2021 11:20:04 AM] SeleniumWrapper.click:(56) - Clicking on :[[ChromeDriver: chrome on WINDOWS (04b0f0d6028ec0361cfb624fffeb396c)] -> xpath: //div[@id='oj-select-choice-whoProvidesLevel12SupportForThisRibbonProvidesLevel3']]
[INFO ][20-Dec-2021 11:20:09 AM] SeleniumWrapper.click:(56) - Clicking on :[[ChromeDriver: chrome on WINDOWS (04b0f0d6028ec0361cfb624fffeb396c)] -> xpath: //div[@data-oj-containerid='ojChoiceId_whoProvidesLevel12SupportForThisRibbonProvidesLevel3']/ul/li/div[@aria-label='Ribbon']]
[INFO ][20-Dec-2021 11:20:14 AM] SeleniumWrapper.click:(56) - Clicking on :[[ChromeDriver: chrome on WINDOWS (04b0f0d6028ec0361cfb624fffeb396c)] -> xpath: //div[@id='oj-select-choice-whatLevelOfSupportIsRequired_root']]
[INFO ][20-Dec-2021 11:20:20 AM] SeleniumWrapper.click:(56) - Clicking on :[[ChromeDriver: chrome on WINDOWS (04b0f0d6028ec0361cfb624fffeb396c)] -> xpath: //div[@data-oj-containerid='ojChoiceId_whatLevelOfSupportIsRequired_root']/ul/li/div[@aria-label='Premium (24x7 + AHR + Critical Issue Escalation)']]
[INFO ][20-Dec-2021 11:20:25 AM] SeleniumWrapper.click:(56) - Clicking on :[[ChromeDriver: chrome on WINDOWS (04b0f0d6028ec0361cfb624fffeb396c)] -> xpath: //span[@class='oj-button-text'][text()='Update']]
[INFO ][20-Dec-2021 11:20:51 AM] SeleniumWrapper.click:(56) - Clicking on :[[ChromeDriver: chrome on WINDOWS (04b0f0d6028ec0361cfb624fffeb396c)] -> xpath: //oj-button[@name='_add_to_quote']/button]
[INFO ][20-Dec-2021 11:21:08 AM] SeleniumWrapper.click:(56) - Clicking on :[[ChromeDriver: chrome on WINDOWS (04b0f0d6028ec0361cfb624fffeb396c)] -> xpath: //oj-button[@name='update']/button]
[INFO ][20-Dec-2021 11:21:34 AM] SeleniumWrapper.click:(56) - Clicking on :[[ChromeDriver: chrome on WINDOWS (04b0f0d6028ec0361cfb624fffeb396c)] -> xpath: //span[@class='oj-button-text'][text()='Add Site']]
[INFO ][20-Dec-2021 11:21:55 AM] SeleniumWrapper.enterText:(121) - Entering Text :GVPP in WebElement :[[ChromeDriver: chrome on WINDOWS (04b0f0d6028ec0361cfb624fffeb396c)] -> xpath: //input[@id='siteName|input']]
[INFO ][20-Dec-2021 11:22:06 AM] SeleniumWrapper.click:(56) - Clicking on :[[ChromeDriver: chrome on WINDOWS (04b0f0d6028ec0361cfb624fffeb396c)] -> xpath: //div[@id='ojChoiceId_topConfigGroup_nonArray']]
[INFO ][20-Dec-2021 11:22:11 AM] SeleniumWrapper.click:(56) - Clicking on :[[ChromeDriver: chrome on WINDOWS (04b0f0d6028ec0361cfb624fffeb396c)] -> xpath: //div[@id='oj-listbox-drop']/ul/li/div[@aria-label='Management']]
[INFO ][20-Dec-2021 11:22:16 AM] SeleniumWrapper.click:(56) - Clicking on :[[ChromeDriver: chrome on WINDOWS (04b0f0d6028ec0361cfb624fffeb396c)] -> xpath: //div[@id='ojChoiceId_configuratorName_nonArray']]
[INFO ][20-Dec-2021 11:22:21 AM] SeleniumWrapper.click:(56) - Clicking on :[[ChromeDriver: chrome on WINDOWS (04b0f0d6028ec0361cfb624fffeb396c)] -> xpath: //div[@id='oj-listbox-drop']/ul/li/div[@aria-label='Provisioning and Portals Configurator']]
[ERROR][20-Dec-2021 11:24:06 AM] SeleniumWrapper.getWebElement:(315) - org.openqa.selenium.TimeoutException: Expected condition failed: waiting for visibility of [[ChromeDriver: chrome on WINDOWS (04b0f0d6028ec0361cfb624fffeb396c)] -> xpath: //div[@id='oj-select-choice-targetApplication']] (tried for 100 second(s) with 500 milliseconds interval)
Build info: version: '3.141.59', revision: 'e82be7d358', time: '2018-11-14T08:17:03'
System info: host: 'CAF-QA-SHASHI', ip: '192.168.137.1', os.name: 'Windows 10', os.arch: 'amd64', os.version: '10.0', java.version: '11.0.11'
Driver info: org.openqa.selenium.chrome.ChromeDriver
Capabilities {acceptInsecureCerts: false, browserName: chrome, browserVersion: 96.0.4664.110, chrome: {chromedriverVersion: 96.0.4664.45 (76e4c1bb2ab46..., userDataDir: C:\Users\SHASHI~1\AppData\L...}, goog:chromeOptions: {debuggerAddress: localhost:53550}, javascriptEnabled: true, networkConnectionEnabled: false, pageLoadStrategy: normal, platform: WINDOWS, platformName: WINDOWS, proxy: Proxy(), setWindowRect: true, strictFileInteractability: false, timeouts: {implicit: 0, pageLoad: 300000, script: 30000}, unhandledPromptBehavior: dismiss and notify, webauthn:extension:credBlob: true, webauthn:extension:largeBlob: true, webauthn:virtualAuthenticators: true}
Session ID: 04b0f0d6028ec0361cfb624fffeb396c
[INFO ][20-Dec-2021 11:24:12 AM] SeleniumWrapper.click:(56) - Clicking on :[[ChromeDriver: chrome on WINDOWS (04b0f0d6028ec0361cfb624fffeb396c)] -> xpath: //div[@id='addConfiguration']//button[text()='Add Configuration']]
[INFO ][20-Dec-2021 11:24:22 AM] SeleniumWrapper.click:(56) - Clicking on :[[ChromeDriver: chrome on WINDOWS (04b0f0d6028ec0361cfb624fffeb396c)] -> xpath: //div[@id='left-sidebar']//oj-tree-view[@id='system-navigation']/ul/li/ul/li/div/span[2]]
[INFO ][20-Dec-2021 11:24:47 AM] SeleniumWrapper.click:(56) - Clicking on :[[ChromeDriver: chrome on WINDOWS (04b0f0d6028ec0361cfb624fffeb396c)] -> xpath: //div[@id='ojChoiceId_location_Lgb']]
[INFO ][20-Dec-2021 11:24:52 AM] SeleniumWrapper.click:(56) - Clicking on :[[ChromeDriver: chrome on WINDOWS (04b0f0d6028ec0361cfb624fffeb396c)] -> xpath: //div[@data-oj-containerid='ojChoiceId_location_Lgb']/ul/li/div[@aria-label='North America or Other ANSI Countries']]
[INFO ][20-Dec-2021 11:24:57 AM] SeleniumWrapper.click:(56) - Clicking on :[[ChromeDriver: chrome on WINDOWS (04b0f0d6028ec0361cfb624fffeb396c)] -> xpath: //div[@id='ojChoiceId_provisionPortalsSWRelease']]
[INFO ][20-Dec-2021 11:25:03 AM] SeleniumWrapper.click:(56) - Clicking on :[[ChromeDriver: chrome on WINDOWS (04b0f0d6028ec0361cfb624fffeb396c)] -> xpath: //div[@data-oj-containerid='ojChoiceId_provisionPortalsSWRelease']/ul/li/div[@aria-label='10.0']]
[INFO ][20-Dec-2021 11:25:08 AM] SeleniumWrapper.click:(56) - Clicking on :[[ChromeDriver: chrome on WINDOWS (04b0f0d6028ec0361cfb624fffeb396c)] -> xpath: //div[@id='ojChoiceId_provisionPortalsDeploymentModel']]
[INFO ][20-Dec-2021 11:25:13 AM] SeleniumWrapper.click:(56) - Clicking on :[[ChromeDriver: chrome on WINDOWS (04b0f0d6028ec0361cfb624fffeb396c)] -> xpath: //div[@data-oj-containerid='ojChoiceId_provisionPortalsDeploymentModel']/ul/li/div[@aria-label='MA-RMS/VHE']]
[INFO ][20-Dec-2021 11:25:18 AM] SeleniumWrapper.click:(56) - Clicking on :[[ChromeDriver: chrome on WINDOWS (04b0f0d6028ec0361cfb624fffeb396c)] -> xpath: //div[@id='ojChoiceId_mARMSPowerType']]
[INFO ][20-Dec-2021 11:25:23 AM] SeleniumWrapper.click:(56) - Clicking on :[[ChromeDriver: chrome on WINDOWS (04b0f0d6028ec0361cfb624fffeb396c)] -> xpath: //div[@data-oj-containerid='ojChoiceId_mARMSPowerType']/ul/li/div[@aria-label='AC']]
[INFO ][20-Dec-2021 11:25:29 AM] SeleniumWrapper.click:(56) - Clicking on :[[ChromeDriver: chrome on WINDOWS (04b0f0d6028ec0361cfb624fffeb396c)] -> xpath: //div[@id='ojChoiceId_quantityOfHDDsPerServer']]
[INFO ][20-Dec-2021 11:25:34 AM] SeleniumWrapper.click:(56) - Clicking on :[[ChromeDriver: chrome on WINDOWS (04b0f0d6028ec0361cfb624fffeb396c)] -> xpath: //div[@data-oj-containerid='ojChoiceId_quantityOfHDDsPerServer']/ul/li/div[@aria-label='4']]
[INFO ][20-Dec-2021 11:25:39 AM] SeleniumWrapper.click:(56) - Clicking on :[[ChromeDriver: chrome on WINDOWS (04b0f0d6028ec0361cfb624fffeb396c)] -> xpath: //div[@id='ojChoiceId_pSResiliencyOptions']]
[INFO ][20-Dec-2021 11:25:44 AM] SeleniumWrapper.click:(56) - Clicking on :[[ChromeDriver: chrome on WINDOWS (04b0f0d6028ec0361cfb624fffeb396c)] -> xpath: //div[@data-oj-containerid='ojChoiceId_pSResiliencyOptions']/ul/li/div[@aria-label='PS Cold Standby Plus Resiliency']]
[INFO ][20-Dec-2021 11:25:49 AM] SeleniumWrapper.click:(56) - Clicking on :[[ChromeDriver: chrome on WINDOWS (04b0f0d6028ec0361cfb624fffeb396c)] -> xpath: //div[@id='ojChoiceId_eDPResiliencyOptions']]
[INFO ][20-Dec-2021 11:25:55 AM] SeleniumWrapper.click:(56) - Clicking on :[[ChromeDriver: chrome on WINDOWS (04b0f0d6028ec0361cfb624fffeb396c)] -> xpath: //div[@data-oj-containerid='ojChoiceId_eDPResiliencyOptions']/ul/li/div[@aria-label='EDP Cold Standby Plus Resiliency']]
[INFO ][20-Dec-2021 11:26:01 AM] SeleniumWrapper.enterText:(121) - Entering Text :2 in WebElement :[[ChromeDriver: chrome on WINDOWS (04b0f0d6028ec0361cfb624fffeb396c)] -> xpath: //input[@id='eDPNodes|input']]
[INFO ][20-Dec-2021 11:26:20 AM] SeleniumWrapper.enterText:(121) - Entering Text :201 in WebElement :[[ChromeDriver: chrome on WINDOWS (04b0f0d6028ec0361cfb624fffeb396c)] -> xpath: //input[@id='basicLines_existingPortal|input']]
[INFO ][20-Dec-2021 11:26:30 AM] SeleniumWrapper.enterText:(121) - Entering Text :102 in WebElement :[[ChromeDriver: chrome on WINDOWS (04b0f0d6028ec0361cfb624fffeb396c)] -> xpath: //input[@id='sIPLines_existingPortal|input']]
[INFO ][20-Dec-2021 11:26:39 AM] SeleniumWrapper.enterText:(121) - Entering Text :301 in WebElement :[[ChromeDriver: chrome on WINDOWS (04b0f0d6028ec0361cfb624fffeb396c)] -> xpath: //input[@id='sIPEndpointDeviceProvisioningEDPDevices_existingPortal|input']]
[INFO ][20-Dec-2021 11:26:48 AM] SeleniumWrapper.enterText:(121) - Entering Text :101 in WebElement :[[ChromeDriver: chrome on WINDOWS (04b0f0d6028ec0361cfb624fffeb396c)] -> xpath: //input[@id='standardEndUserPortalEUPLogins_existingPortal|input']]
[INFO ][20-Dec-2021 11:26:57 AM] SeleniumWrapper.click:(56) - Clicking on :[[ChromeDriver: chrome on WINDOWS (04b0f0d6028ec0361cfb624fffeb396c)] -> xpath: //div[@id='ojChoiceId_sMBPortalLogins_existingPortal']]
[INFO ][20-Dec-2021 11:27:02 AM] SeleniumWrapper.click:(56) - Clicking on :[[ChromeDriver: chrome on WINDOWS (04b0f0d6028ec0361cfb624fffeb396c)] -> xpath: //div[@data-oj-containerid='ojChoiceId_sMBPortalLogins_existingPortal']/ul/li/div[@aria-label='Yes']]
[INFO ][20-Dec-2021 11:27:07 AM] SeleniumWrapper.click:(56) - Clicking on :[[ChromeDriver: chrome on WINDOWS (04b0f0d6028ec0361cfb624fffeb396c)] -> xpath: //div[@id='ojChoiceId_serviceProviderResellerPortalLogins_existingPortal']]
[INFO ][20-Dec-2021 11:27:12 AM] SeleniumWrapper.click:(56) - Clicking on :[[ChromeDriver: chrome on WINDOWS (04b0f0d6028ec0361cfb624fffeb396c)] -> xpath: //div[@data-oj-containerid='ojChoiceId_serviceProviderResellerPortalLogins_existingPortal']/ul/li/div[@aria-label='Yes']]
[INFO ][20-Dec-2021 11:27:18 AM] SeleniumWrapper.enterText:(121) - Entering Text :202 in WebElement :[[ChromeDriver: chrome on WINDOWS (04b0f0d6028ec0361cfb624fffeb396c)] -> xpath: //input[@id='basicLines_newPortal|input']]
[INFO ][20-Dec-2021 11:27:28 AM] SeleniumWrapper.enterText:(121) - Entering Text :99 in WebElement :[[ChromeDriver: chrome on WINDOWS (04b0f0d6028ec0361cfb624fffeb396c)] -> xpath: //input[@id='sIPLines_newPortal|input']]
[INFO ][20-Dec-2021 11:27:37 AM] SeleniumWrapper.enterText:(121) - Entering Text :101 in WebElement :[[ChromeDriver: chrome on WINDOWS (04b0f0d6028ec0361cfb624fffeb396c)] -> xpath: //input[@id='sIPEndpointDeviceProvisioningEDPDevices_newPortal|input']]
[INFO ][20-Dec-2021 11:27:46 AM] SeleniumWrapper.enterText:(121) - Entering Text :201 in WebElement :[[ChromeDriver: chrome on WINDOWS (04b0f0d6028ec0361cfb624fffeb396c)] -> xpath: //input[@id='standardEndUserPortalEUPLogins_newPortal|input']]
[INFO ][20-Dec-2021 11:27:54 AM] SeleniumWrapper.click:(56) - Clicking on :[[ChromeDriver: chrome on WINDOWS (04b0f0d6028ec0361cfb624fffeb396c)] -> xpath: //div[@id='ojChoiceId_sMBPortalLogins_newPortal']]
[INFO ][20-Dec-2021 11:28:00 AM] SeleniumWrapper.click:(56) - Clicking on :[[ChromeDriver: chrome on WINDOWS (04b0f0d6028ec0361cfb624fffeb396c)] -> xpath: //div[@data-oj-containerid='ojChoiceId_sMBPortalLogins_newPortal']/ul/li/div[@aria-label='Yes']]
[INFO ][20-Dec-2021 11:28:05 AM] SeleniumWrapper.click:(56) - Clicking on :[[ChromeDriver: chrome on WINDOWS (04b0f0d6028ec0361cfb624fffeb396c)] -> xpath: //div[@id='ojChoiceId_serviceProviderResellerPortalLogins_newPortal']]
[INFO ][20-Dec-2021 11:28:10 AM] SeleniumWrapper.click:(56) - Clicking on :[[ChromeDriver: chrome on WINDOWS (04b0f0d6028ec0361cfb624fffeb396c)] -> xpath: //div[@data-oj-containerid='ojChoiceId_serviceProviderResellerPortalLogins_newPortal']/ul/li/div[@aria-label='Yes']]
[INFO ][20-Dec-2021 11:28:21 AM] SeleniumWrapper.click:(56) - Clicking on :[[ChromeDriver: chrome on WINDOWS (04b0f0d6028ec0361cfb624fffeb396c)] -> xpath: //input[@value='UK English']/parent::span]
[INFO ][20-Dec-2021 11:28:27 AM] SeleniumWrapper.enterText:(121) - Entering Text :5 in WebElement :[[ChromeDriver: chrome on WINDOWS (04b0f0d6028ec0361cfb624fffeb396c)] -> xpath: //input[@id='nEWASCIIRequiresTranslationService|input']]
[INFO ][20-Dec-2021 11:28:37 AM] SeleniumWrapper.enterText:(121) - Entering Text :2 in WebElement :[[ChromeDriver: chrome on WINDOWS (04b0f0d6028ec0361cfb624fffeb396c)] -> xpath: //input[@id='nEWDBCSRequiresTranslationService|input']]
[INFO ][20-Dec-2021 11:28:45 AM] SeleniumWrapper.click:(56) - Clicking on :[[ChromeDriver: chrome on WINDOWS (04b0f0d6028ec0361cfb624fffeb396c)] -> xpath: //span[@class='oj-button-text'][text()='Update']]
[INFO ][20-Dec-2021 11:29:10 AM] SeleniumWrapper.click:(56) - Clicking on :[[ChromeDriver: chrome on WINDOWS (04b0f0d6028ec0361cfb624fffeb396c)] -> xpath: //a[@title='Maintenance Services, Cables and Misc']]
[INFO ][20-Dec-2021 11:29:15 AM] SeleniumWrapper.click:(56) - Clicking on :[[ChromeDriver: chrome on WINDOWS (04b0f0d6028ec0361cfb624fffeb396c)] -> xpath: //div[@id='ojChoiceId_whoProvidesLevel12SupportForThisRibbonProvidesLevel3']]
[INFO ][20-Dec-2021 11:29:21 AM] SeleniumWrapper.click:(56) - Clicking on :[[ChromeDriver: chrome on WINDOWS (04b0f0d6028ec0361cfb624fffeb396c)] -> xpath: //div[@data-oj-containerid='ojChoiceId_whoProvidesLevel12SupportForThisRibbonProvidesLevel3']/ul/li/div[@aria-label='Ribbon']]
[INFO ][20-Dec-2021 11:29:26 AM] SeleniumWrapper.click:(56) - Clicking on :[[ChromeDriver: chrome on WINDOWS (04b0f0d6028ec0361cfb624fffeb396c)] -> xpath: //div[@id='oj-select-choice-whatLevelOfSupportIsRequired_root']]
[INFO ][20-Dec-2021 11:29:31 AM] SeleniumWrapper.click:(56) - Clicking on :[[ChromeDriver: chrome on WINDOWS (04b0f0d6028ec0361cfb624fffeb396c)] -> xpath: //div[@data-oj-containerid='ojChoiceId_whatLevelOfSupportIsRequired_root']/ul/li/div[@aria-label='Premium (24x7 + AHR + Critical Issue Escalation)']]
[INFO ][20-Dec-2021 11:29:36 AM] SeleniumWrapper.click:(56) - Clicking on :[[ChromeDriver: chrome on WINDOWS (04b0f0d6028ec0361cfb624fffeb396c)] -> xpath: //span[@class='oj-button-text'][text()='Update']]
[INFO ][20-Dec-2021 11:29:51 AM] SeleniumWrapper.click:(56) - Clicking on :[[ChromeDriver: chrome on WINDOWS (04b0f0d6028ec0361cfb624fffeb396c)] -> xpath: //oj-button[@name='_add_to_quote']/button]
[INFO ][20-Dec-2021 11:30:12 AM] SeleniumWrapper.click:(56) - Clicking on :[[ChromeDriver: chrome on WINDOWS (04b0f0d6028ec0361cfb624fffeb396c)] -> xpath: //oj-button[@name='update']/button]
[INFO ][20-Dec-2021 11:30:38 AM] SeleniumWrapper.click:(56) - Clicking on :[[ChromeDriver: chrome on WINDOWS (04b0f0d6028ec0361cfb624fffeb396c)] -> xpath: //span[@class='oj-button-text'][text()='Add From Catalog']]
[INFO ][20-Dec-2021 11:30:58 AM] SeleniumWrapper.click:(56) - Clicking on :[[ChromeDriver: chrome on WINDOWS (04b0f0d6028ec0361cfb624fffeb396c)] -> xpath: //div[@aria-labelledby='catalogueNameTxt_Bundle-label|label']]
[INFO ][20-Dec-2021 11:31:03 AM] SeleniumWrapper.click:(56) - Clicking on :[[ChromeDriver: chrome on WINDOWS (04b0f0d6028ec0361cfb624fffeb396c)] -> xpath: //div[@data-oj-containerid='ojChoiceId_catalogueNameTxt_Bundle']/ul/li/div[@aria-label='3rd party Cellusys Catalog']]
[INFO ][20-Dec-2021 11:31:09 AM] SeleniumWrapper.click:(56) - Clicking on :[[ChromeDriver: chrome on WINDOWS (04b0f0d6028ec0361cfb624fffeb396c)] -> xpath: //div[@id='ojChoiceId_categoryName_Text']]
[INFO ][20-Dec-2021 11:31:14 AM] SeleniumWrapper.click:(56) - Clicking on :[[ChromeDriver: chrome on WINDOWS (04b0f0d6028ec0361cfb624fffeb396c)] -> xpath: //div[@id='oj-listbox-drop']/ul/li/div[@aria-label='Hardware']]
[ERROR][20-Dec-2021 11:32:59 AM] SeleniumWrapper.getWebElement:(315) - org.openqa.selenium.TimeoutException: Expected condition failed: waiting for visibility of [[ChromeDriver: chrome on WINDOWS (04b0f0d6028ec0361cfb624fffeb396c)] -> xpath: //div[@id='oj-select-choice-targetApplication']] (tried for 100 second(s) with 500 milliseconds interval)
Build info: version: '3.141.59', revision: 'e82be7d358', time: '2018-11-14T08:17:03'
System info: host: 'CAF-QA-SHASHI', ip: '192.168.137.1', os.name: 'Windows 10', os.arch: 'amd64', os.version: '10.0', java.version: '11.0.11'
Driver info: org.openqa.selenium.chrome.ChromeDriver
Capabilities {acceptInsecureCerts: false, browserName: chrome, browserVersion: 96.0.4664.110, chrome: {chromedriverVersion: 96.0.4664.45 (76e4c1bb2ab46..., userDataDir: C:\Users\SHASHI~1\AppData\L...}, goog:chromeOptions: {debuggerAddress: localhost:53550}, javascriptEnabled: true, networkConnectionEnabled: false, pageLoadStrategy: normal, platform: WINDOWS, platformName: WINDOWS, proxy: Proxy(), setWindowRect: true, strictFileInteractability: false, timeouts: {implicit: 0, pageLoad: 300000, script: 30000}, unhandledPromptBehavior: dismiss and notify, webauthn:extension:credBlob: true, webauthn:extension:largeBlob: true, webauthn:virtualAuthenticators: true}
Session ID: 04b0f0d6028ec0361cfb624fffeb396c
[INFO ][20-Dec-2021 11:33:04 AM] SeleniumWrapper.click:(56) - Clicking on :[[ChromeDriver: chrome on WINDOWS (04b0f0d6028ec0361cfb624fffeb396c)] -> xpath: //div[@id='oj-select-choice-whoProvidesLevel12SupportForThisRibbonProvidesLevel3']]
[INFO ][20-Dec-2021 11:33:09 AM] SeleniumWrapper.click:(56) - Clicking on :[[ChromeDriver: chrome on WINDOWS (04b0f0d6028ec0361cfb624fffeb396c)] -> xpath: //div[@data-oj-containerid='ojChoiceId_whoProvidesLevel12SupportForThisRibbonProvidesLevel3']/ul/li/div[@aria-label='Ribbon']]
[INFO ][20-Dec-2021 11:33:14 AM] SeleniumWrapper.click:(56) - Clicking on :[[ChromeDriver: chrome on WINDOWS (04b0f0d6028ec0361cfb624fffeb396c)] -> xpath: //div[@id='oj-select-choice-whatLevelOfSupportIsRequired_root']]
[INFO ][20-Dec-2021 11:33:20 AM] SeleniumWrapper.click:(56) - Clicking on :[[ChromeDriver: chrome on WINDOWS (04b0f0d6028ec0361cfb624fffeb396c)] -> xpath: //div[@data-oj-containerid='ojChoiceId_whatLevelOfSupportIsRequired_root']/ul/li/div[@aria-label='Premium (24x7 + AHR + Critical Issue Escalation)']]
[INFO ][20-Dec-2021 11:33:25 AM] SeleniumWrapper.click:(56) - Clicking on :[[ChromeDriver: chrome on WINDOWS (04b0f0d6028ec0361cfb624fffeb396c)] -> xpath: //div[@id='addCatalog']/button[text()='Add Catalog']]
[INFO ][20-Dec-2021 11:33:35 AM] SeleniumWrapper.click:(56) - Clicking on :[[ChromeDriver: chrome on WINDOWS (04b0f0d6028ec0361cfb624fffeb396c)] -> xpath: //div[@id='ojChoiceId_categoryName_Text']]
[INFO ][20-Dec-2021 11:33:40 AM] SeleniumWrapper.click:(56) - Clicking on :[[ChromeDriver: chrome on WINDOWS (04b0f0d6028ec0361cfb624fffeb396c)] -> xpath: //div[@id='oj-listbox-drop']/ul/li/div[@aria-label='Software']]
[INFO ][20-Dec-2021 11:33:45 AM] SeleniumWrapper.click:(56) - Clicking on :[[ChromeDriver: chrome on WINDOWS (04b0f0d6028ec0361cfb624fffeb396c)] -> xpath: //div[@id='addCatalog']/button[text()='Add Catalog']]
[INFO ][20-Dec-2021 11:33:55 AM] SeleniumWrapper.click:(56) - Clicking on :[[ChromeDriver: chrome on WINDOWS (04b0f0d6028ec0361cfb624fffeb396c)] -> xpath: //div[@id='left-sidebar']//oj-tree-view[@id='system-navigation']//li/div/span[contains(text(),'Hardware_3rd party Cellusys Catalog')]]
[INFO ][20-Dec-2021 11:34:06 AM] SeleniumWrapper.click:(56) - Clicking on :[[ChromeDriver: chrome on WINDOWS (04b0f0d6028ec0361cfb624fffeb396c)] -> xpath: //button[text()='Search']]
[INFO ][20-Dec-2021 11:34:17 AM] SeleniumWrapper.click:(56) - Clicking on :[[ChromeDriver: chrome on WINDOWS (04b0f0d6028ec0361cfb624fffeb396c)] -> xpath: (//div[contains(@class,'cpq-table-segment')]//div[contains(@class,'cpq-table-body-row')]//div[contains(@class,'col-partQty')])[1]]
[INFO ][20-Dec-2021 11:34:23 AM] SeleniumWrapper.enterText:(121) - Entering Text :1 in WebElement :[[ChromeDriver: chrome on WINDOWS (04b0f0d6028ec0361cfb624fffeb396c)] -> xpath: //div[contains(text(),'1')]/following::oj-input-number//input[@id='partQty|input']]
[INFO ][20-Dec-2021 11:34:35 AM] SeleniumWrapper.enterText:(121) - Entering Text :2 in WebElement :[[ChromeDriver: chrome on WINDOWS (04b0f0d6028ec0361cfb624fffeb396c)] -> xpath: //div[contains(@class,'cpq-table-body-row')]//span[@title='CELL-SFWBS']//following::div[2]//input[@id='partQty|input']]
[INFO ][20-Dec-2021 11:34:46 AM] SeleniumWrapper.enterText:(121) - Entering Text :3 in WebElement :[[ChromeDriver: chrome on WINDOWS (04b0f0d6028ec0361cfb624fffeb396c)] -> xpath: //div[contains(@class,'cpq-table-body-row')]//span[@title='CELL-SFWLAB']//following::div[2]//input[@id='partQty|input']]
[INFO ][20-Dec-2021 11:34:56 AM] SeleniumWrapper.click:(56) - Clicking on :[[ChromeDriver: chrome on WINDOWS (04b0f0d6028ec0361cfb624fffeb396c)] -> xpath: //button[text()='Add Parts']]
[INFO ][20-Dec-2021 11:35:07 AM] SeleniumWrapper.click:(56) - Clicking on :[[ChromeDriver: chrome on WINDOWS (04b0f0d6028ec0361cfb624fffeb396c)] -> xpath: //span[@class='oj-button-text'][text()='Update']]
[INFO ][20-Dec-2021 11:35:32 AM] SeleniumWrapper.click:(56) - Clicking on :[[ChromeDriver: chrome on WINDOWS (04b0f0d6028ec0361cfb624fffeb396c)] -> xpath: //div[@id='left-sidebar']//oj-tree-view[@id='system-navigation']//li/div/span[contains(text(),'Software_3rd party Cellusys Catalog')]]
[INFO ][20-Dec-2021 11:35:52 AM] SeleniumWrapper.click:(56) - Clicking on :[[ChromeDriver: chrome on WINDOWS (04b0f0d6028ec0361cfb624fffeb396c)] -> xpath: //button[text()='Search']]
[INFO ][20-Dec-2021 11:36:03 AM] SeleniumWrapper.click:(56) - Clicking on :[[ChromeDriver: chrome on WINDOWS (04b0f0d6028ec0361cfb624fffeb396c)] -> xpath: //div[contains(@class,'cpq-table-body-row')]//span[@title='CELL-GTPFWGEO']//following::div[2]/span]
[INFO ][20-Dec-2021 11:36:09 AM] SeleniumWrapper.enterText:(121) - Entering Text :2 in WebElement :[[ChromeDriver: chrome on WINDOWS (04b0f0d6028ec0361cfb624fffeb396c)] -> xpath: //div[contains(text(),'1')]/following::oj-input-number//input[@id='partQty|input']]
[INFO ][20-Dec-2021 11:36:21 AM] SeleniumWrapper.enterText:(121) - Entering Text :1 in WebElement :[[ChromeDriver: chrome on WINDOWS (04b0f0d6028ec0361cfb624fffeb396c)] -> xpath: //div[contains(@class,'cpq-table-body-row')]//span[@title='CELL-SFWMULT']//following::div[2]//input[@id='partQty|input']]
[INFO ][20-Dec-2021 11:36:33 AM] SeleniumWrapper.enterText:(121) - Entering Text :1 in WebElement :[[ChromeDriver: chrome on WINDOWS (04b0f0d6028ec0361cfb624fffeb396c)] -> xpath: //div[contains(@class,'cpq-table-body-row')]//span[@title='CELL-SMSANA']//following::div[2]//input[@id='partQty|input']]
[INFO ][20-Dec-2021 11:36:45 AM] SeleniumWrapper.enterText:(121) - Entering Text :1 in WebElement :[[ChromeDriver: chrome on WINDOWS (04b0f0d6028ec0361cfb624fffeb396c)] -> xpath: //div[contains(@class,'cpq-table-body-row')]//span[@title='CELL-SFWDIAM']//following::div[2]//input[@id='partQty|input']]
[INFO ][20-Dec-2021 11:36:58 AM] SeleniumWrapper.enterText:(121) - Entering Text :1 in WebElement :[[ChromeDriver: chrome on WINDOWS (04b0f0d6028ec0361cfb624fffeb396c)] -> xpath: //div[contains(@class,'cpq-table-body-row')]//span[@title='CELL-SFWGEO']//following::div[2]//input[@id='partQty|input']]
[INFO ][20-Dec-2021 11:37:10 AM] SeleniumWrapper.enterText:(121) - Entering Text :1 in WebElement :[[ChromeDriver: chrome on WINDOWS (04b0f0d6028ec0361cfb624fffeb396c)] -> xpath: //div[contains(@class,'cpq-table-body-row')]//span[@title='CELL-SFWRNG']//following::div[2]//input[@id='partQty|input']]
[INFO ][20-Dec-2021 11:37:26 AM] SeleniumWrapper.click:(56) - Clicking on :[[ChromeDriver: chrome on WINDOWS (04b0f0d6028ec0361cfb624fffeb396c)] -> xpath: //button[text()='Add Parts']]
[INFO ][20-Dec-2021 11:37:47 AM] SeleniumWrapper.click:(56) - Clicking on :[[ChromeDriver: chrome on WINDOWS (04b0f0d6028ec0361cfb624fffeb396c)] -> xpath: //span[@class='oj-button-text'][text()='Update']]
[INFO ][20-Dec-2021 11:38:07 AM] SeleniumWrapper.click:(56) - Clicking on :[[ChromeDriver: chrome on WINDOWS (04b0f0d6028ec0361cfb624fffeb396c)] -> xpath: //oj-button[@name='_add_to_quote']/button]
[INFO ][20-Dec-2021 11:38:27 AM] SeleniumWrapper.click:(56) - Clicking on :[[ChromeDriver: chrome on WINDOWS (04b0f0d6028ec0361cfb624fffeb396c)] -> xpath: //oj-button[@name='update']/button]
[INFO ][20-Dec-2021 11:39:04 AM] SeleniumWrapper.click:(56) - Clicking on :[[ChromeDriver: chrome on WINDOWS (04b0f0d6028ec0361cfb624fffeb396c)] -> xpath: //div[contains(@class, 'col-_part_number-_model_name')]//span[text()='Provisioning and Portals Configurator']/parent::div/parent::div//div[contains(@class,'oj-fwk-icon')]]
[INFO ][20-Dec-2021 11:39:12 AM] SeleniumWrapper.click:(56) - Clicking on :[[ChromeDriver: chrome on WINDOWS (04b0f0d6028ec0361cfb624fffeb396c)] -> xpath: //div[@slot='iconButtons']//button//span[contains(@class,'configure-icon')]]
[INFO ][20-Dec-2021 11:39:37 AM] SeleniumWrapper.click:(56) - Clicking on :[[ChromeDriver: chrome on WINDOWS (04b0f0d6028ec0361cfb624fffeb396c)] -> xpath: //div[@id='ojChoiceId_location_Lgb']]
[INFO ][20-Dec-2021 11:39:43 AM] SeleniumWrapper.click:(56) - Clicking on :[[ChromeDriver: chrome on WINDOWS (04b0f0d6028ec0361cfb624fffeb396c)] -> xpath: //div[@data-oj-containerid='ojChoiceId_location_Lgb']/ul/li/div[@aria-label='Swiss']]
[INFO ][20-Dec-2021 11:39:48 AM] SeleniumWrapper.click:(56) - Clicking on :[[ChromeDriver: chrome on WINDOWS (04b0f0d6028ec0361cfb624fffeb396c)] -> xpath: //div[@id='ojChoiceId_mARMSPowerType']]
[INFO ][20-Dec-2021 11:39:53 AM] SeleniumWrapper.click:(56) - Clicking on :[[ChromeDriver: chrome on WINDOWS (04b0f0d6028ec0361cfb624fffeb396c)] -> xpath: //div[@data-oj-containerid='ojChoiceId_mARMSPowerType']/ul/li/div[@aria-label='DC']]
[INFO ][20-Dec-2021 11:39:58 AM] SeleniumWrapper.click:(56) - Clicking on :[[ChromeDriver: chrome on WINDOWS (04b0f0d6028ec0361cfb624fffeb396c)] -> xpath: //div[@id='ojChoiceId_quantityOfHDDsPerServer']]
[INFO ][20-Dec-2021 11:40:03 AM] SeleniumWrapper.click:(56) - Clicking on :[[ChromeDriver: chrome on WINDOWS (04b0f0d6028ec0361cfb624fffeb396c)] -> xpath: //div[@data-oj-containerid='ojChoiceId_quantityOfHDDsPerServer']/ul/li/div[@aria-label='3']]
[INFO ][20-Dec-2021 11:40:09 AM] SeleniumWrapper.click:(56) - Clicking on :[[ChromeDriver: chrome on WINDOWS (04b0f0d6028ec0361cfb624fffeb396c)] -> xpath: //span[@class='oj-button-text'][text()='Update']]
[INFO ][20-Dec-2021 11:40:24 AM] SeleniumWrapper.click:(56) - Clicking on :[[ChromeDriver: chrome on WINDOWS (04b0f0d6028ec0361cfb624fffeb396c)] -> xpath: //div[@class='toolbar-wrapper']//span[text()='Save']/parent::div]
[INFO ][20-Dec-2021 11:40:44 AM] SeleniumWrapper.click:(56) - Clicking on :[[ChromeDriver: chrome on WINDOWS (04b0f0d6028ec0361cfb624fffeb396c)] -> xpath: //oj-button[@name='update']/button]
[INFO ][20-Dec-2021 11:41:10 AM] SeleniumWrapper.click:(56) - Clicking on :[[ChromeDriver: chrome on WINDOWS (04b0f0d6028ec0361cfb624fffeb396c)] -> xpath: //a[@title='Discounting']]
[INFO ][20-Dec-2021 11:41:19 AM] SeleniumWrapper.enterText:(121) - Entering Text :1.20 in WebElement :[[ChromeDriver: chrome on WINDOWS (04b0f0d6028ec0361cfb624fffeb396c)] -> xpath: //input[@id='additionalProductDiscount_t|input']]
[INFO ][20-Dec-2021 11:41:29 AM] SeleniumWrapper.enterText:(121) - Entering Text :1.25 in WebElement :[[ChromeDriver: chrome on WINDOWS (04b0f0d6028ec0361cfb624fffeb396c)] -> xpath: //input[@id='additionalMaintenanceDiscount_t|input']]
[INFO ][20-Dec-2021 11:41:38 AM] SeleniumWrapper.enterText:(121) - Entering Text :1.30 in WebElement :[[ChromeDriver: chrome on WINDOWS (04b0f0d6028ec0361cfb624fffeb396c)] -> xpath: //input[@id='additionalServicesDiscount_t|input']]
[INFO ][20-Dec-2021 11:41:46 AM] SeleniumWrapper.click:(56) - Clicking on :[[ChromeDriver: chrome on WINDOWS (04b0f0d6028ec0361cfb624fffeb396c)] -> xpath: //input[@value='Apply OTD as Percent']/parent::span]
[INFO ][20-Dec-2021 11:41:56 AM] SeleniumWrapper.enterText:(121) - Entering Text :10.00 in WebElement :[[ChromeDriver: chrome on WINDOWS (04b0f0d6028ec0361cfb624fffeb396c)] -> xpath: //input[@id='oneTimeDiscount_t|input']]
[INFO ][20-Dec-2021 11:42:04 AM] SeleniumWrapper.click:(56) - Clicking on :[[ChromeDriver: chrome on WINDOWS (04b0f0d6028ec0361cfb624fffeb396c)] -> xpath: //oj-button[@name='update']/button]
[INFO ][20-Dec-2021 11:42:31 AM] SeleniumWrapper.click:(56) - Clicking on :[[ChromeDriver: chrome on WINDOWS (04b0f0d6028ec0361cfb624fffeb396c)] -> xpath: //a[@title='Proposals']]
[INFO ][20-Dec-2021 11:42:36 AM] SeleniumWrapper.click:(56) - Clicking on :[[ChromeDriver: chrome on WINDOWS (04b0f0d6028ec0361cfb624fffeb396c)] -> xpath: //div[@id='ojChoiceId_proposalType_t']]
[INFO ][20-Dec-2021 11:42:41 AM] SeleniumWrapper.click:(56) - Clicking on :[[ChromeDriver: chrome on WINDOWS (04b0f0d6028ec0361cfb624fffeb396c)] -> xpath: //div[@data-oj-containerid='ojChoiceId_proposalType_t']/ul/li/div[@aria-label='C&E']]
[INFO ][20-Dec-2021 11:42:46 AM] SeleniumWrapper.click:(56) - Clicking on :[[ChromeDriver: chrome on WINDOWS (04b0f0d6028ec0361cfb624fffeb396c)] -> xpath: //div[@id='ojChoiceId_fileType_t']]
[INFO ][20-Dec-2021 11:42:52 AM] SeleniumWrapper.click:(56) - Clicking on :[[ChromeDriver: chrome on WINDOWS (04b0f0d6028ec0361cfb624fffeb396c)] -> xpath: //div[@data-oj-containerid='ojChoiceId_fileType_t']/ul/li/div[@aria-label='PDF']]
[INFO ][20-Dec-2021 11:42:57 AM] SeleniumWrapper.click:(56) - Clicking on :[[ChromeDriver: chrome on WINDOWS (04b0f0d6028ec0361cfb624fffeb396c)] -> xpath: //oj-button[@name='generate_proposal_(pdf)']]
[INFO ][20-Dec-2021 11:43:23 AM] SeleniumWrapper.click:(56) - Clicking on :[[ChromeDriver: chrome on WINDOWS (04b0f0d6028ec0361cfb624fffeb396c)] -> xpath: //a[@title='Quote Details']]
[INFO ][20-Dec-2021 11:43:28 AM] SeleniumWrapper.click:(56) - Clicking on :[[ChromeDriver: chrome on WINDOWS (04b0f0d6028ec0361cfb624fffeb396c)] -> xpath: //oj-button[@name='update']/button]
[INFO ][20-Dec-2021 11:43:48 AM] SeleniumWrapper.click:(56) - Clicking on :[[ChromeDriver: chrome on WINDOWS (04b0f0d6028ec0361cfb624fffeb396c)] -> xpath: //oj-button[@name='sfdc_quote']/button]
[INFO ][20-Dec-2021 11:44:16 AM] SeleniumWrapper.click:(56) - Clicking on :[[ChromeDriver: chrome on WINDOWS (04b0f0d6028ec0361cfb624fffeb396c)] -> xpath: //td[@class='pbButton']//input[@title='Start Sync']]
[INFO ][20-Dec-2021 11:45:13 AM] SeleniumWrapper.click:(56) - Clicking on :[[ChromeDriver: chrome on WINDOWS (04b0f0d6028ec0361cfb624fffeb396c)] -> xpath: //a[@id='globalHeaderNameMink']]
[INFO ][20-Dec-2021 11:45:23 AM] SeleniumWrapper.click:(56) - Clicking on :[[ChromeDriver: chrome on WINDOWS (04b0f0d6028ec0361cfb624fffeb396c)] -> xpath: //a[@title='Logout']]
[INFO ][20-Dec-2021 11:45:28 AM] SeleniumWrapper.closeCurrentBrowser:(106) - Closing the current Browser
